# JRE version: Java(TM) SE Runtime Environment (8.0_66-b17) (build 1.8.0_66-b17)
# Java VM: Java HotSpot(TM) 64-Bit Server VM (25.66-b17 mixed mode bsd-amd64 compressed oops)
Heap:
 PSYoungGen      total 9728K, used 9219K [0x00000007bf580000, 0x00000007c0000000, 0x00000007c0000000)
  eden space 8704K, 94% used [0x00000007bf580000,0x00000007bfd84e28,0x00000007bfe00000)
  from space 1024K, 98% used [0x00000007bff00000,0x00000007bfffc010,0x00000007c0000000)
  to   space 1024K, 0% used [0x00000007bfe00000,0x00000007bfe00000,0x00000007bff00000)
 ParOldGen       total 22016K, used 3524K [0x00000007be000000, 0x00000007bf580000, 0x00000007bf580000)
  object space 22016K, 16% used [0x00000007be000000,0x00000007be3711c0,0x00000007bf580000)
 Metaspace       used 11339K, capacity 11596K, committed 11904K, reserved 1060864K
  class space    used 1246K, capacity 1350K, committed 1408K, reserved 1048576K
GC Heap History (4 events):
Event: 30.260 GC heap before
{Heap before GC invocations=1 (full 0):
 PSYoungGen      total 9728K, used 8704K [0x00000007bf580000, 0x00000007c0000000, 0x00000007c0000000)
  eden space 8704K, 100% used [0x00000007bf580000,0x00000007bfe00000,0x00000007bfe00000)
  from space 1024K, 0% used [0x00000007bff00000,0x00000007bff00000,0x00000007c0000000)
  to   space 1024K, 0% used [0x00000007bfe00000,0x00000007bfe00000,0x00000007bff00000)
 ParOldGen       total 22016K, used 0K [0x00000007be000000, 0x00000007bf580000, 0x00000007bf580000)
  object space 22016K, 0% used [0x00000007be000000,0x00000007be000000,0x00000007bf580000)
 Metaspace       used 8215K, capacity 8432K, committed 8704K, reserved 1056768K
  class space    used 911K, capacity 974K, committed 1024K, reserved 1048576K
Event: 30.263 GC heap after
Heap after GC invocations=1 (full 0):
 PSYoungGen      total 9728K, used 992K [0x00000007bf580000, 0x00000007c0000000, 0x00000007c0000000)
  eden space 8704K, 0% used [0x00000007bf580000,0x00000007bf580000,0x00000007bfe00000)
  from space 1024K, 96% used [0x00000007bfe00000,0x00000007bfef8020,0x00000007bff00000)
  to   space 1024K, 0% used [0x00000007bff00000,0x00000007bff00000,0x00000007c0000000)
 ParOldGen       total 22016K, used 1543K [0x00000007be000000, 0x00000007bf580000, 0x00000007bf580000)
  object space 22016K, 7% used [0x00000007be000000,0x00000007be181f08,0x00000007bf580000)
 Metaspace       used 8215K, capacity 8432K, committed 8704K, reserved 1056768K
  class space    used 911K, capacity 974K, committed 1024K, reserved 1048576K
}
Event: 30.650 GC heap before
{Heap before GC invocations=2 (full 0):
 PSYoungGen      total 9728K, used 9696K [0x00000007bf580000, 0x00000007c0000000, 0x00000007c0000000)
  eden space 8704K, 100% used [0x00000007bf580000,0x00000007bfe00000,0x00000007bfe00000)
  from space 1024K, 96% used [0x00000007bfe00000,0x00000007bfef8020,0x00000007bff00000)
  to   space 1024K, 0% used [0x00000007bff00000,0x00000007bff00000,0x00000007c0000000)
 ParOldGen       total 22016K, used 1543K [0x00000007be000000, 0x00000007bf580000, 0x00000007bf580000)
  object space 22016K, 7% used [0x00000007be000000,0x00000007be181f08,0x00000007bf580000)
 Metaspace       used 9862K, capacity 10026K, committed 10240K, reserved 1058816K
  class space    used 1090K, capacity 1179K, committed 1280K, reserved 1048576K
Event: 30.654 GC heap after
Heap after GC invocations=2 (full 0):
 PSYoungGen      total 9728K, used 1008K [0x00000007bf580000, 0x00000007c0000000, 0x00000007c0000000)
  eden space 8704K, 0% used [0x00000007bf580000,0x00000007bf580000,0x00000007bfe00000)
  from space 1024K, 98% used [0x00000007bff00000,0x00000007bfffc010,0x00000007c0000000)
  to   space 1024K, 0% used [0x00000007bfe00000,0x00000007bfe00000,0x00000007bff00000)
 ParOldGen       total 22016K, used 3524K [0x00000007be000000, 0x00000007bf580000, 0x00000007bf580000)
  object space 22016K, 16% used [0x00000007be000000,0x00000007be3711c0,0x00000007bf580000)
 Metaspace       used 9862K, capacity 10026K, committed 10240K, reserved 1058816K
  class space    used 1090K, capacity 1179K, committed 1280K, reserved 1048576K
}

